<?xml version="1.0" encoding="UTF-8"?>
<testsuite xmlns:xsi="http://www.w3.org/2001/XMLSchema-instance" xsi:noNamespaceSchemaLocation="https://maven.apache.org/surefire/maven-surefire-plugin/xsd/surefire-test-report.xsd" name="conduitApp.ConduitTest" time="9.604" tests="1" errors="0" skipped="0" failures="1">
  <properties>
    <property name="sun.desktop" value="windows"/>
    <property name="awt.toolkit" value="sun.awt.windows.WToolkit"/>
    <property name="java.specification.version" value="11"/>
    <property name="sun.cpu.isalist" value="amd64"/>
    <property name="sun.jnu.encoding" value="Cp1252"/>
    <property name="java.class.path" value="E:\Cursos\Udemy\karate-dsl-api-automation-and-performance-from-zero-to-hero\karate-dsl-class\karate-dsl-class\target\test-classes;E:\Cursos\Udemy\karate-dsl-api-automation-and-performance-from-zero-to-hero\karate-dsl-class\karate-dsl-class\target\classes;C:\Users\jddio\.m2\repository\com\intuit\karate\karate-apache\0.9.5\karate-apache-0.9.5.jar;C:\Users\jddio\.m2\repository\com\intuit\karate\karate-core\0.9.5\karate-core-0.9.5.jar;C:\Users\jddio\.m2\repository\com\jayway\jsonpath\json-path\2.4.0\json-path-2.4.0.jar;C:\Users\jddio\.m2\repository\net\minidev\json-smart\2.3\json-smart-2.3.jar;C:\Users\jddio\.m2\repository\net\minidev\accessors-smart\1.2\accessors-smart-1.2.jar;C:\Users\jddio\.m2\repository\org\ow2\asm\asm\5.0.4\asm-5.0.4.jar;C:\Users\jddio\.m2\repository\info\cukes\cucumber-java\1.2.5\cucumber-java-1.2.5.jar;C:\Users\jddio\.m2\repository\info\cukes\cucumber-core\1.2.5\cucumber-core-1.2.5.jar;C:\Users\jddio\.m2\repository\org\yaml\snakeyaml\1.24\snakeyaml-1.24.jar;C:\Users\jddio\.m2\repository\de\siegmar\fastcsv\1.0.3\fastcsv-1.0.3.jar;C:\Users\jddio\.m2\repository\info\picocli\picocli\4.0.3\picocli-4.0.3.jar;C:\Users\jddio\.m2\repository\org\apache\httpcomponents\httpclient\4.5.11\httpclient-4.5.11.jar;C:\Users\jddio\.m2\repository\org\apache\httpcomponents\httpcore\4.4.13\httpcore-4.4.13.jar;C:\Users\jddio\.m2\repository\commons-codec\commons-codec\1.11\commons-codec-1.11.jar;C:\Users\jddio\.m2\repository\org\apache\httpcomponents\httpmime\4.5.11\httpmime-4.5.11.jar;C:\Users\jddio\.m2\repository\org\slf4j\jcl-over-slf4j\1.7.25\jcl-over-slf4j-1.7.25.jar;C:\Users\jddio\.m2\repository\org\slf4j\slf4j-api\1.7.25\slf4j-api-1.7.25.jar;C:\Users\jddio\.m2\repository\ch\qos\logback\logback-classic\1.2.3\logback-classic-1.2.3.jar;C:\Users\jddio\.m2\repository\ch\qos\logback\logback-core\1.2.3\logback-core-1.2.3.jar;C:\Users\jddio\.m2\repository\com\intuit\karate\karate-junit5\0.9.5\karate-junit5-0.9.5.jar;C:\Users\jddio\.m2\repository\org\junit\jupiter\junit-jupiter-api\5.5.0\junit-jupiter-api-5.5.0.jar;C:\Users\jddio\.m2\repository\org\apiguardian\apiguardian-api\1.1.0\apiguardian-api-1.1.0.jar;C:\Users\jddio\.m2\repository\org\opentest4j\opentest4j\1.2.0\opentest4j-1.2.0.jar;C:\Users\jddio\.m2\repository\org\junit\platform\junit-platform-commons\1.5.0\junit-platform-commons-1.5.0.jar;C:\Users\jddio\.m2\repository\org\junit\jupiter\junit-jupiter-engine\5.5.0\junit-jupiter-engine-5.5.0.jar;C:\Users\jddio\.m2\repository\org\junit\platform\junit-platform-engine\1.5.0\junit-platform-engine-1.5.0.jar;C:\Users\jddio\.m2\repository\com\github\javafaker\javafaker\1.0.2\javafaker-1.0.2.jar;C:\Users\jddio\.m2\repository\org\apache\commons\commons-lang3\3.5\commons-lang3-3.5.jar;C:\Users\jddio\.m2\repository\org\yaml\snakeyaml\1.23\snakeyaml-1.23-android.jar;C:\Users\jddio\.m2\repository\com\github\mifmif\generex\1.0.2\generex-1.0.2.jar;C:\Users\jddio\.m2\repository\dk\brics\automaton\automaton\1.11-8\automaton-1.11-8.jar;C:\Users\jddio\.m2\repository\net\masterthought\cucumber-reporting\5.3.0\cucumber-reporting-5.3.0.jar;C:\Users\jddio\.m2\repository\com\fasterxml\jackson\core\jackson-databind\2.10.1\jackson-databind-2.10.1.jar;C:\Users\jddio\.m2\repository\com\fasterxml\jackson\core\jackson-annotations\2.10.1\jackson-annotations-2.10.1.jar;C:\Users\jddio\.m2\repository\com\fasterxml\jackson\core\jackson-core\2.10.1\jackson-core-2.10.1.jar;C:\Users\jddio\.m2\repository\com\fasterxml\jackson\datatype\jackson-datatype-jsr310\2.10.1\jackson-datatype-jsr310-2.10.1.jar;C:\Users\jddio\.m2\repository\org\apache\velocity\velocity-engine-core\2.1\velocity-engine-core-2.1.jar;C:\Users\jddio\.m2\repository\commons-collections\commons-collections\3.2.2\commons-collections-3.2.2.jar;C:\Users\jddio\.m2\repository\joda-time\joda-time\2.10.5\joda-time-2.10.5.jar;C:\Users\jddio\.m2\repository\commons-io\commons-io\2.6\commons-io-2.6.jar;C:\Users\jddio\.m2\repository\org\codehaus\plexus\plexus-utils\3.3.0\plexus-utils-3.3.0.jar;C:\Users\jddio\.m2\repository\org\jsoup\jsoup\1.12.1\jsoup-1.12.1.jar;C:\Users\jddio\.m2\repository\com\googlecode\owasp-java-html-sanitizer\owasp-java-html-sanitizer\20191001.1\owasp-java-html-sanitizer-20191001.1.jar;C:\Users\jddio\.m2\repository\com\google\guava\guava\27.1-jre\guava-27.1-jre.jar;C:\Users\jddio\.m2\repository\com\google\guava\failureaccess\1.0.1\failureaccess-1.0.1.jar;C:\Users\jddio\.m2\repository\com\google\guava\listenablefuture\9999.0-empty-to-avoid-conflict-with-guava\listenablefuture-9999.0-empty-to-avoid-conflict-with-guava.jar;C:\Users\jddio\.m2\repository\com\google\code\findbugs\jsr305\3.0.2\jsr305-3.0.2.jar;C:\Users\jddio\.m2\repository\org\checkerframework\checker-qual\2.5.2\checker-qual-2.5.2.jar;C:\Users\jddio\.m2\repository\com\google\errorprone\error_prone_annotations\2.2.0\error_prone_annotations-2.2.0.jar;C:\Users\jddio\.m2\repository\com\google\j2objc\j2objc-annotations\1.1\j2objc-annotations-1.1.jar;C:\Users\jddio\.m2\repository\org\codehaus\mojo\animal-sniffer-annotations\1.17\animal-sniffer-annotations-1.17.jar;C:\Users\jddio\.m2\repository\commons-configuration\commons-configuration\1.10\commons-configuration-1.10.jar;C:\Users\jddio\.m2\repository\commons-lang\commons-lang\2.6\commons-lang-2.6.jar;C:\Users\jddio\.m2\repository\commons-logging\commons-logging\1.1.1\commons-logging-1.1.1.jar;C:\Users\jddio\.m2\repository\com\intuit\karate\karate-gatling\0.9.5\karate-gatling-0.9.5.jar;C:\Users\jddio\.m2\repository\io\gatling\highcharts\gatling-charts-highcharts\3.0.2\gatling-charts-highcharts-3.0.2.jar;C:\Users\jddio\.m2\repository\org\scala-lang\scala-library\2.12.8\scala-library-2.12.8.jar;C:\Users\jddio\.m2\repository\io\gatling\gatling-charts\3.0.2\gatling-charts-3.0.2.jar;C:\Users\jddio\.m2\repository\io\gatling\gatling-core\3.0.2\gatling-core-3.0.2.jar;C:\Users\jddio\.m2\repository\com\typesafe\akka\akka-slf4j_2.12\2.5.19\akka-slf4j_2.12-2.5.19.jar;C:\Users\jddio\.m2\repository\org\simpleflatmapper\lightning-csv\6.0.13\lightning-csv-6.0.13.jar;C:\Users\jddio\.m2\repository\org\simpleflatmapper\sfm-util\6.0.13\sfm-util-6.0.13-jdk9.jar;C:\Users\jddio\.m2\repository\org\simpleflatmapper\sfm-util\6.0.13\sfm-util-6.0.13.jar;C:\Users\jddio\.m2\repository\com\github\ben-manes\caffeine\caffeine\2.6.2\caffeine-2.6.2.jar;C:\Users\jddio\.m2\repository\io\pebbletemplates\pebble\3.0.6\pebble-3.0.6.jar;C:\Users\jddio\.m2\repository\org\unbescape\unbescape\1.1.6.RELEASE\unbescape-1.1.6.RELEASE.jar;C:\Users\jddio\.m2\repository\org\scala-lang\modules\scala-parser-combinators_2.12\1.1.1\scala-parser-combinators_2.12-1.1.1.jar;C:\Users\jddio\.m2\repository\com\github\scopt\scopt_2.12\3.7.1\scopt_2.12-3.7.1.jar;C:\Users\jddio\.m2\repository\io\gatling\jsonpath_2.12\0.6.14\jsonpath_2.12-0.6.14.jar;C:\Users\jddio\.m2\repository\org\jodd\jodd-json\5.0.6\jodd-json-5.0.6.jar;C:\Users\jddio\.m2\repository\org\jodd\jodd-bean\5.0.6\jodd-bean-5.0.6.jar;C:\Users\jddio\.m2\repository\org\jodd\jodd-core\5.0.6\jodd-core-5.0.6.jar;C:\Users\jddio\.m2\repository\net\sf\saxon\Saxon-HE\9.9.0-2\Saxon-HE-9.9.0-2.jar;C:\Users\jddio\.m2\repository\org\jodd\jodd-lagarto\5.0.6\jodd-lagarto-5.0.6.jar;C:\Users\jddio\.m2\repository\org\jodd\jodd-log\5.0.6\jodd-log-5.0.6.jar;C:\Users\jddio\.m2\repository\com\tdunning\t-digest\3.1\t-digest-3.1.jar;C:\Users\jddio\.m2\repository\io\gatling\gatling-app\3.0.2\gatling-app-3.0.2.jar;C:\Users\jddio\.m2\repository\io\gatling\gatling-http\3.0.2\gatling-http-3.0.2.jar;C:\Users\jddio\.m2\repository\org\scala-lang\modules\scala-xml_2.12\1.1.1\scala-xml_2.12-1.1.1.jar;C:\Users\jddio\.m2\repository\io\gatling\gatling-jms\3.0.2\gatling-jms-3.0.2.jar;C:\Users\jddio\.m2\repository\org\apache\geronimo\specs\geronimo-jms_1.1_spec\1.1.1\geronimo-jms_1.1_spec-1.1.1.jar;C:\Users\jddio\.m2\repository\io\gatling\gatling-jdbc\3.0.2\gatling-jdbc-3.0.2.jar;C:\Users\jddio\.m2\repository\io\gatling\gatling-redis\3.0.2\gatling-redis-3.0.2.jar;C:\Users\jddio\.m2\repository\net\debasishg\redisclient_2.12\3.7\redisclient_2.12-3.7.jar;C:\Users\jddio\.m2\repository\commons-pool\commons-pool\1.6\commons-pool-1.6.jar;C:\Users\jddio\.m2\repository\io\gatling\gatling-graphite\3.0.2\gatling-graphite-3.0.2.jar;C:\Users\jddio\.m2\repository\org\hdrhistogram\HdrHistogram\2.1.10\HdrHistogram-2.1.10.jar;C:\Users\jddio\.m2\repository\io\gatling\gatling-recorder\3.0.2\gatling-recorder-3.0.2.jar;C:\Users\jddio\.m2\repository\org\scala-lang\modules\scala-swing_2.12\2.0.3\scala-swing_2.12-2.0.3.jar;C:\Users\jddio\.m2\repository\org\json4s\json4s-jackson_2.12\3.6.2\json4s-jackson_2.12-3.6.2.jar;C:\Users\jddio\.m2\repository\org\json4s\json4s-core_2.12\3.6.2\json4s-core_2.12-3.6.2.jar;C:\Users\jddio\.m2\repository\org\json4s\json4s-ast_2.12\3.6.2\json4s-ast_2.12-3.6.2.jar;C:\Users\jddio\.m2\repository\org\json4s\json4s-scalap_2.12\3.6.2\json4s-scalap_2.12-3.6.2.jar;C:\Users\jddio\.m2\repository\com\thoughtworks\paranamer\paranamer\2.8\paranamer-2.8.jar;C:\Users\jddio\.m2\repository\org\bouncycastle\bcpkix-jdk15on\1.60\bcpkix-jdk15on-1.60.jar;C:\Users\jddio\.m2\repository\org\bouncycastle\bcprov-jdk15on\1.60\bcprov-jdk15on-1.60.jar;C:\Users\jddio\.m2\repository\io\netty\netty-codec-http\4.1.32.Final\netty-codec-http-4.1.32.Final.jar;C:\Users\jddio\.m2\repository\io\netty\netty-codec\4.1.32.Final\netty-codec-4.1.32.Final.jar;C:\Users\jddio\.m2\repository\com\typesafe\akka\akka-actor_2.12\2.5.19\akka-actor_2.12-2.5.19.jar;C:\Users\jddio\.m2\repository\io\gatling\gatling-http-client\3.0.2\gatling-http-client-3.0.2.jar;C:\Users\jddio\.m2\repository\io\gatling\gatling-netty-util\3.0.2\gatling-netty-util-3.0.2.jar;C:\Users\jddio\.m2\repository\io\netty\netty-buffer\4.1.32.Final\netty-buffer-4.1.32.Final.jar;C:\Users\jddio\.m2\repository\io\netty\netty-common\4.1.32.Final\netty-common-4.1.32.Final.jar;C:\Users\jddio\.m2\repository\io\netty\netty-handler\4.1.32.Final\netty-handler-4.1.32.Final.jar;C:\Users\jddio\.m2\repository\io\netty\netty-transport\4.1.32.Final\netty-transport-4.1.32.Final.jar;C:\Users\jddio\.m2\repository\io\netty\netty-handler-proxy\4.1.32.Final\netty-handler-proxy-4.1.32.Final.jar;C:\Users\jddio\.m2\repository\io\netty\netty-codec-socks\4.1.32.Final\netty-codec-socks-4.1.32.Final.jar;C:\Users\jddio\.m2\repository\io\netty\netty-resolver-dns\4.1.32.Final\netty-resolver-dns-4.1.32.Final.jar;C:\Users\jddio\.m2\repository\io\netty\netty-resolver\4.1.32.Final\netty-resolver-4.1.32.Final.jar;C:\Users\jddio\.m2\repository\io\netty\netty-codec-dns\4.1.32.Final\netty-codec-dns-4.1.32.Final.jar;C:\Users\jddio\.m2\repository\io\netty\netty-transport-native-epoll\4.1.32.Final\netty-transport-native-epoll-4.1.32.Final-linux-x86_64.jar;C:\Users\jddio\.m2\repository\io\netty\netty-transport-native-unix-common\4.1.32.Final\netty-transport-native-unix-common-4.1.32.Final.jar;C:\Users\jddio\.m2\repository\io\netty\netty-codec-http2\4.1.32.Final\netty-codec-http2-4.1.32.Final.jar;C:\Users\jddio\.m2\repository\io\netty\netty-tcnative-boringssl-static\2.0.20.Final\netty-tcnative-boringssl-static-2.0.20.Final.jar;C:\Users\jddio\.m2\repository\com\sun\activation\javax.activation\1.2.0\javax.activation-1.2.0.jar;C:\Users\jddio\.m2\repository\com\typesafe\scala-logging\scala-logging_2.12\3.9.0\scala-logging_2.12-3.9.0.jar;C:\Users\jddio\.m2\repository\io\gatling\gatling-commons\3.0.2\gatling-commons-3.0.2.jar;C:\Users\jddio\.m2\repository\org\scala-lang\scala-reflect\2.12.8\scala-reflect-2.12.8.jar;C:\Users\jddio\.m2\repository\com\typesafe\config\1.3.3\config-1.3.3.jar;C:\Users\jddio\.m2\repository\com\dongxiguo\fastring_2.12\1.0.0\fastring_2.12-1.0.0.jar;C:\Users\jddio\.m2\repository\io\suzaku\boopickle_2.12\1.3.0\boopickle_2.12-1.3.0.jar;C:\Users\jddio\.m2\repository\org\typelevel\spire-macros_2.12\0.16.0\spire-macros_2.12-0.16.0.jar;C:\Users\jddio\.m2\repository\com\softwaremill\quicklens\quicklens_2.12\1.4.11\quicklens_2.12-1.4.11.jar;C:\Users\jddio\.m2\repository\org\scala-lang\modules\scala-java8-compat_2.12\0.9.0\scala-java8-compat_2.12-0.9.0.jar;C:\Users\jddio\.m2\repository\com\eatthepath\fast-uuid\0.1\fast-uuid-0.1.jar;C:\Users\jddio\.m2\repository\com\microsoft\sqlserver\mssql-jdbc\8.4.1.jre11\mssql-jdbc-8.4.1.jre11.jar;"/>
    <property name="java.vm.vendor" value="Oracle Corporation"/>
    <property name="sun.arch.data.model" value="64"/>
    <property name="user.variant" value=""/>
    <property name="java.vendor.url" value="https://openjdk.java.net/"/>
    <property name="user.timezone" value="America/Bogota"/>
    <property name="java.vm.specification.version" value="11"/>
    <property name="os.name" value="Windows 10"/>
    <property name="sun.java.launcher" value="SUN_STANDARD"/>
    <property name="user.country" value="PE"/>
    <property name="sun.boot.library.path" value="C:\Program Files\Java\jdk-11.0.11\bin"/>
    <property name="sun.java.command" value="C:\Users\jddio\AppData\Local\Temp\surefire14042756271253750435\surefirebooter4424279713653776585.jar C:\Users\jddio\AppData\Local\Temp\surefire14042756271253750435 2021-05-25T15-50-34_390-jvmRun1 surefire10099657051734301587tmp surefire_014411313477515905272tmp"/>
    <property name="jdk.debug" value="release"/>
    <property name="surefire.test.class.path" value="E:\Cursos\Udemy\karate-dsl-api-automation-and-performance-from-zero-to-hero\karate-dsl-class\karate-dsl-class\target\test-classes;E:\Cursos\Udemy\karate-dsl-api-automation-and-performance-from-zero-to-hero\karate-dsl-class\karate-dsl-class\target\classes;C:\Users\jddio\.m2\repository\com\intuit\karate\karate-apache\0.9.5\karate-apache-0.9.5.jar;C:\Users\jddio\.m2\repository\com\intuit\karate\karate-core\0.9.5\karate-core-0.9.5.jar;C:\Users\jddio\.m2\repository\com\jayway\jsonpath\json-path\2.4.0\json-path-2.4.0.jar;C:\Users\jddio\.m2\repository\net\minidev\json-smart\2.3\json-smart-2.3.jar;C:\Users\jddio\.m2\repository\net\minidev\accessors-smart\1.2\accessors-smart-1.2.jar;C:\Users\jddio\.m2\repository\org\ow2\asm\asm\5.0.4\asm-5.0.4.jar;C:\Users\jddio\.m2\repository\info\cukes\cucumber-java\1.2.5\cucumber-java-1.2.5.jar;C:\Users\jddio\.m2\repository\info\cukes\cucumber-core\1.2.5\cucumber-core-1.2.5.jar;C:\Users\jddio\.m2\repository\org\yaml\snakeyaml\1.24\snakeyaml-1.24.jar;C:\Users\jddio\.m2\repository\de\siegmar\fastcsv\1.0.3\fastcsv-1.0.3.jar;C:\Users\jddio\.m2\repository\info\picocli\picocli\4.0.3\picocli-4.0.3.jar;C:\Users\jddio\.m2\repository\org\apache\httpcomponents\httpclient\4.5.11\httpclient-4.5.11.jar;C:\Users\jddio\.m2\repository\org\apache\httpcomponents\httpcore\4.4.13\httpcore-4.4.13.jar;C:\Users\jddio\.m2\repository\commons-codec\commons-codec\1.11\commons-codec-1.11.jar;C:\Users\jddio\.m2\repository\org\apache\httpcomponents\httpmime\4.5.11\httpmime-4.5.11.jar;C:\Users\jddio\.m2\repository\org\slf4j\jcl-over-slf4j\1.7.25\jcl-over-slf4j-1.7.25.jar;C:\Users\jddio\.m2\repository\org\slf4j\slf4j-api\1.7.25\slf4j-api-1.7.25.jar;C:\Users\jddio\.m2\repository\ch\qos\logback\logback-classic\1.2.3\logback-classic-1.2.3.jar;C:\Users\jddio\.m2\repository\ch\qos\logback\logback-core\1.2.3\logback-core-1.2.3.jar;C:\Users\jddio\.m2\repository\com\intuit\karate\karate-junit5\0.9.5\karate-junit5-0.9.5.jar;C:\Users\jddio\.m2\repository\org\junit\jupiter\junit-jupiter-api\5.5.0\junit-jupiter-api-5.5.0.jar;C:\Users\jddio\.m2\repository\org\apiguardian\apiguardian-api\1.1.0\apiguardian-api-1.1.0.jar;C:\Users\jddio\.m2\repository\org\opentest4j\opentest4j\1.2.0\opentest4j-1.2.0.jar;C:\Users\jddio\.m2\repository\org\junit\platform\junit-platform-commons\1.5.0\junit-platform-commons-1.5.0.jar;C:\Users\jddio\.m2\repository\org\junit\jupiter\junit-jupiter-engine\5.5.0\junit-jupiter-engine-5.5.0.jar;C:\Users\jddio\.m2\repository\org\junit\platform\junit-platform-engine\1.5.0\junit-platform-engine-1.5.0.jar;C:\Users\jddio\.m2\repository\com\github\javafaker\javafaker\1.0.2\javafaker-1.0.2.jar;C:\Users\jddio\.m2\repository\org\apache\commons\commons-lang3\3.5\commons-lang3-3.5.jar;C:\Users\jddio\.m2\repository\org\yaml\snakeyaml\1.23\snakeyaml-1.23-android.jar;C:\Users\jddio\.m2\repository\com\github\mifmif\generex\1.0.2\generex-1.0.2.jar;C:\Users\jddio\.m2\repository\dk\brics\automaton\automaton\1.11-8\automaton-1.11-8.jar;C:\Users\jddio\.m2\repository\net\masterthought\cucumber-reporting\5.3.0\cucumber-reporting-5.3.0.jar;C:\Users\jddio\.m2\repository\com\fasterxml\jackson\core\jackson-databind\2.10.1\jackson-databind-2.10.1.jar;C:\Users\jddio\.m2\repository\com\fasterxml\jackson\core\jackson-annotations\2.10.1\jackson-annotations-2.10.1.jar;C:\Users\jddio\.m2\repository\com\fasterxml\jackson\core\jackson-core\2.10.1\jackson-core-2.10.1.jar;C:\Users\jddio\.m2\repository\com\fasterxml\jackson\datatype\jackson-datatype-jsr310\2.10.1\jackson-datatype-jsr310-2.10.1.jar;C:\Users\jddio\.m2\repository\org\apache\velocity\velocity-engine-core\2.1\velocity-engine-core-2.1.jar;C:\Users\jddio\.m2\repository\commons-collections\commons-collections\3.2.2\commons-collections-3.2.2.jar;C:\Users\jddio\.m2\repository\joda-time\joda-time\2.10.5\joda-time-2.10.5.jar;C:\Users\jddio\.m2\repository\commons-io\commons-io\2.6\commons-io-2.6.jar;C:\Users\jddio\.m2\repository\org\codehaus\plexus\plexus-utils\3.3.0\plexus-utils-3.3.0.jar;C:\Users\jddio\.m2\repository\org\jsoup\jsoup\1.12.1\jsoup-1.12.1.jar;C:\Users\jddio\.m2\repository\com\googlecode\owasp-java-html-sanitizer\owasp-java-html-sanitizer\20191001.1\owasp-java-html-sanitizer-20191001.1.jar;C:\Users\jddio\.m2\repository\com\google\guava\guava\27.1-jre\guava-27.1-jre.jar;C:\Users\jddio\.m2\repository\com\google\guava\failureaccess\1.0.1\failureaccess-1.0.1.jar;C:\Users\jddio\.m2\repository\com\google\guava\listenablefuture\9999.0-empty-to-avoid-conflict-with-guava\listenablefuture-9999.0-empty-to-avoid-conflict-with-guava.jar;C:\Users\jddio\.m2\repository\com\google\code\findbugs\jsr305\3.0.2\jsr305-3.0.2.jar;C:\Users\jddio\.m2\repository\org\checkerframework\checker-qual\2.5.2\checker-qual-2.5.2.jar;C:\Users\jddio\.m2\repository\com\google\errorprone\error_prone_annotations\2.2.0\error_prone_annotations-2.2.0.jar;C:\Users\jddio\.m2\repository\com\google\j2objc\j2objc-annotations\1.1\j2objc-annotations-1.1.jar;C:\Users\jddio\.m2\repository\org\codehaus\mojo\animal-sniffer-annotations\1.17\animal-sniffer-annotations-1.17.jar;C:\Users\jddio\.m2\repository\commons-configuration\commons-configuration\1.10\commons-configuration-1.10.jar;C:\Users\jddio\.m2\repository\commons-lang\commons-lang\2.6\commons-lang-2.6.jar;C:\Users\jddio\.m2\repository\commons-logging\commons-logging\1.1.1\commons-logging-1.1.1.jar;C:\Users\jddio\.m2\repository\com\intuit\karate\karate-gatling\0.9.5\karate-gatling-0.9.5.jar;C:\Users\jddio\.m2\repository\io\gatling\highcharts\gatling-charts-highcharts\3.0.2\gatling-charts-highcharts-3.0.2.jar;C:\Users\jddio\.m2\repository\org\scala-lang\scala-library\2.12.8\scala-library-2.12.8.jar;C:\Users\jddio\.m2\repository\io\gatling\gatling-charts\3.0.2\gatling-charts-3.0.2.jar;C:\Users\jddio\.m2\repository\io\gatling\gatling-core\3.0.2\gatling-core-3.0.2.jar;C:\Users\jddio\.m2\repository\com\typesafe\akka\akka-slf4j_2.12\2.5.19\akka-slf4j_2.12-2.5.19.jar;C:\Users\jddio\.m2\repository\org\simpleflatmapper\lightning-csv\6.0.13\lightning-csv-6.0.13.jar;C:\Users\jddio\.m2\repository\org\simpleflatmapper\sfm-util\6.0.13\sfm-util-6.0.13-jdk9.jar;C:\Users\jddio\.m2\repository\org\simpleflatmapper\sfm-util\6.0.13\sfm-util-6.0.13.jar;C:\Users\jddio\.m2\repository\com\github\ben-manes\caffeine\caffeine\2.6.2\caffeine-2.6.2.jar;C:\Users\jddio\.m2\repository\io\pebbletemplates\pebble\3.0.6\pebble-3.0.6.jar;C:\Users\jddio\.m2\repository\org\unbescape\unbescape\1.1.6.RELEASE\unbescape-1.1.6.RELEASE.jar;C:\Users\jddio\.m2\repository\org\scala-lang\modules\scala-parser-combinators_2.12\1.1.1\scala-parser-combinators_2.12-1.1.1.jar;C:\Users\jddio\.m2\repository\com\github\scopt\scopt_2.12\3.7.1\scopt_2.12-3.7.1.jar;C:\Users\jddio\.m2\repository\io\gatling\jsonpath_2.12\0.6.14\jsonpath_2.12-0.6.14.jar;C:\Users\jddio\.m2\repository\org\jodd\jodd-json\5.0.6\jodd-json-5.0.6.jar;C:\Users\jddio\.m2\repository\org\jodd\jodd-bean\5.0.6\jodd-bean-5.0.6.jar;C:\Users\jddio\.m2\repository\org\jodd\jodd-core\5.0.6\jodd-core-5.0.6.jar;C:\Users\jddio\.m2\repository\net\sf\saxon\Saxon-HE\9.9.0-2\Saxon-HE-9.9.0-2.jar;C:\Users\jddio\.m2\repository\org\jodd\jodd-lagarto\5.0.6\jodd-lagarto-5.0.6.jar;C:\Users\jddio\.m2\repository\org\jodd\jodd-log\5.0.6\jodd-log-5.0.6.jar;C:\Users\jddio\.m2\repository\com\tdunning\t-digest\3.1\t-digest-3.1.jar;C:\Users\jddio\.m2\repository\io\gatling\gatling-app\3.0.2\gatling-app-3.0.2.jar;C:\Users\jddio\.m2\repository\io\gatling\gatling-http\3.0.2\gatling-http-3.0.2.jar;C:\Users\jddio\.m2\repository\org\scala-lang\modules\scala-xml_2.12\1.1.1\scala-xml_2.12-1.1.1.jar;C:\Users\jddio\.m2\repository\io\gatling\gatling-jms\3.0.2\gatling-jms-3.0.2.jar;C:\Users\jddio\.m2\repository\org\apache\geronimo\specs\geronimo-jms_1.1_spec\1.1.1\geronimo-jms_1.1_spec-1.1.1.jar;C:\Users\jddio\.m2\repository\io\gatling\gatling-jdbc\3.0.2\gatling-jdbc-3.0.2.jar;C:\Users\jddio\.m2\repository\io\gatling\gatling-redis\3.0.2\gatling-redis-3.0.2.jar;C:\Users\jddio\.m2\repository\net\debasishg\redisclient_2.12\3.7\redisclient_2.12-3.7.jar;C:\Users\jddio\.m2\repository\commons-pool\commons-pool\1.6\commons-pool-1.6.jar;C:\Users\jddio\.m2\repository\io\gatling\gatling-graphite\3.0.2\gatling-graphite-3.0.2.jar;C:\Users\jddio\.m2\repository\org\hdrhistogram\HdrHistogram\2.1.10\HdrHistogram-2.1.10.jar;C:\Users\jddio\.m2\repository\io\gatling\gatling-recorder\3.0.2\gatling-recorder-3.0.2.jar;C:\Users\jddio\.m2\repository\org\scala-lang\modules\scala-swing_2.12\2.0.3\scala-swing_2.12-2.0.3.jar;C:\Users\jddio\.m2\repository\org\json4s\json4s-jackson_2.12\3.6.2\json4s-jackson_2.12-3.6.2.jar;C:\Users\jddio\.m2\repository\org\json4s\json4s-core_2.12\3.6.2\json4s-core_2.12-3.6.2.jar;C:\Users\jddio\.m2\repository\org\json4s\json4s-ast_2.12\3.6.2\json4s-ast_2.12-3.6.2.jar;C:\Users\jddio\.m2\repository\org\json4s\json4s-scalap_2.12\3.6.2\json4s-scalap_2.12-3.6.2.jar;C:\Users\jddio\.m2\repository\com\thoughtworks\paranamer\paranamer\2.8\paranamer-2.8.jar;C:\Users\jddio\.m2\repository\org\bouncycastle\bcpkix-jdk15on\1.60\bcpkix-jdk15on-1.60.jar;C:\Users\jddio\.m2\repository\org\bouncycastle\bcprov-jdk15on\1.60\bcprov-jdk15on-1.60.jar;C:\Users\jddio\.m2\repository\io\netty\netty-codec-http\4.1.32.Final\netty-codec-http-4.1.32.Final.jar;C:\Users\jddio\.m2\repository\io\netty\netty-codec\4.1.32.Final\netty-codec-4.1.32.Final.jar;C:\Users\jddio\.m2\repository\com\typesafe\akka\akka-actor_2.12\2.5.19\akka-actor_2.12-2.5.19.jar;C:\Users\jddio\.m2\repository\io\gatling\gatling-http-client\3.0.2\gatling-http-client-3.0.2.jar;C:\Users\jddio\.m2\repository\io\gatling\gatling-netty-util\3.0.2\gatling-netty-util-3.0.2.jar;C:\Users\jddio\.m2\repository\io\netty\netty-buffer\4.1.32.Final\netty-buffer-4.1.32.Final.jar;C:\Users\jddio\.m2\repository\io\netty\netty-common\4.1.32.Final\netty-common-4.1.32.Final.jar;C:\Users\jddio\.m2\repository\io\netty\netty-handler\4.1.32.Final\netty-handler-4.1.32.Final.jar;C:\Users\jddio\.m2\repository\io\netty\netty-transport\4.1.32.Final\netty-transport-4.1.32.Final.jar;C:\Users\jddio\.m2\repository\io\netty\netty-handler-proxy\4.1.32.Final\netty-handler-proxy-4.1.32.Final.jar;C:\Users\jddio\.m2\repository\io\netty\netty-codec-socks\4.1.32.Final\netty-codec-socks-4.1.32.Final.jar;C:\Users\jddio\.m2\repository\io\netty\netty-resolver-dns\4.1.32.Final\netty-resolver-dns-4.1.32.Final.jar;C:\Users\jddio\.m2\repository\io\netty\netty-resolver\4.1.32.Final\netty-resolver-4.1.32.Final.jar;C:\Users\jddio\.m2\repository\io\netty\netty-codec-dns\4.1.32.Final\netty-codec-dns-4.1.32.Final.jar;C:\Users\jddio\.m2\repository\io\netty\netty-transport-native-epoll\4.1.32.Final\netty-transport-native-epoll-4.1.32.Final-linux-x86_64.jar;C:\Users\jddio\.m2\repository\io\netty\netty-transport-native-unix-common\4.1.32.Final\netty-transport-native-unix-common-4.1.32.Final.jar;C:\Users\jddio\.m2\repository\io\netty\netty-codec-http2\4.1.32.Final\netty-codec-http2-4.1.32.Final.jar;C:\Users\jddio\.m2\repository\io\netty\netty-tcnative-boringssl-static\2.0.20.Final\netty-tcnative-boringssl-static-2.0.20.Final.jar;C:\Users\jddio\.m2\repository\com\sun\activation\javax.activation\1.2.0\javax.activation-1.2.0.jar;C:\Users\jddio\.m2\repository\com\typesafe\scala-logging\scala-logging_2.12\3.9.0\scala-logging_2.12-3.9.0.jar;C:\Users\jddio\.m2\repository\io\gatling\gatling-commons\3.0.2\gatling-commons-3.0.2.jar;C:\Users\jddio\.m2\repository\org\scala-lang\scala-reflect\2.12.8\scala-reflect-2.12.8.jar;C:\Users\jddio\.m2\repository\com\typesafe\config\1.3.3\config-1.3.3.jar;C:\Users\jddio\.m2\repository\com\dongxiguo\fastring_2.12\1.0.0\fastring_2.12-1.0.0.jar;C:\Users\jddio\.m2\repository\io\suzaku\boopickle_2.12\1.3.0\boopickle_2.12-1.3.0.jar;C:\Users\jddio\.m2\repository\org\typelevel\spire-macros_2.12\0.16.0\spire-macros_2.12-0.16.0.jar;C:\Users\jddio\.m2\repository\com\softwaremill\quicklens\quicklens_2.12\1.4.11\quicklens_2.12-1.4.11.jar;C:\Users\jddio\.m2\repository\org\scala-lang\modules\scala-java8-compat_2.12\0.9.0\scala-java8-compat_2.12-0.9.0.jar;C:\Users\jddio\.m2\repository\com\eatthepath\fast-uuid\0.1\fast-uuid-0.1.jar;C:\Users\jddio\.m2\repository\com\microsoft\sqlserver\mssql-jdbc\8.4.1.jre11\mssql-jdbc-8.4.1.jre11.jar;"/>
    <property name="sun.cpu.endian" value="little"/>
    <property name="user.home" value="C:\Users\jddio"/>
    <property name="user.language" value="es"/>
    <property name="java.specification.vendor" value="Oracle Corporation"/>
    <property name="java.version.date" value="2021-04-20"/>
    <property name="java.home" value="C:\Program Files\Java\jdk-11.0.11"/>
    <property name="file.separator" value="\"/>
    <property name="basedir" value="E:\Cursos\Udemy\karate-dsl-api-automation-and-performance-from-zero-to-hero\karate-dsl-class\karate-dsl-class"/>
    <property name="java.vm.compressedOopsMode" value="Zero based"/>
    <property name="line.separator" value="&#10;"/>
    <property name="java.specification.name" value="Java Platform API Specification"/>
    <property name="java.vm.specification.vendor" value="Oracle Corporation"/>
    <property name="java.awt.graphicsenv" value="sun.awt.Win32GraphicsEnvironment"/>
    <property name="karate.options" value="--tags @debug"/>
    <property name="surefire.real.class.path" value="C:\Users\jddio\AppData\Local\Temp\surefire14042756271253750435\surefirebooter4424279713653776585.jar"/>
    <property name="user.script" value=""/>
    <property name="sun.management.compiler" value="HotSpot 64-Bit Tiered Compilers"/>
    <property name="java.runtime.version" value="11.0.11+9-LTS-194"/>
    <property name="user.name" value="jddio"/>
    <property name="path.separator" value=";"/>
    <property name="os.version" value="10.0"/>
    <property name="java.runtime.name" value="Java(TM) SE Runtime Environment"/>
    <property name="file.encoding" value="Cp1252"/>
    <property name="java.vm.name" value="Java HotSpot(TM) 64-Bit Server VM"/>
    <property name="java.vendor.version" value="18.9"/>
    <property name="localRepository" value="C:\Users\jddio\.m2\repository"/>
    <property name="java.vendor.url.bug" value="https://bugreport.java.com/bugreport/"/>
    <property name="java.io.tmpdir" value="C:\Users\jddio\AppData\Local\Temp\"/>
    <property name="java.version" value="11.0.11"/>
    <property name="user.dir" value="E:\Cursos\Udemy\karate-dsl-api-automation-and-performance-from-zero-to-hero\karate-dsl-class\karate-dsl-class"/>
    <property name="os.arch" value="amd64"/>
    <property name="java.vm.specification.name" value="Java Virtual Machine Specification"/>
    <property name="java.awt.printerjob" value="sun.awt.windows.WPrinterJob"/>
    <property name="sun.os.patch.level" value=""/>
    <property name="java.library.path" value="C:\Program Files\Java\jdk-11.0.11\bin;C:\Windows\Sun\Java\bin;C:\Windows\system32;C:\Windows;C:\Program Files\Common Files\Oracle\Java\javapath;C:\Program Files (x86)\Common Files\Oracle\Java\javapath;C:\Windows\system32;C:\Windows;C:\Windows\System32\Wbem;C:\Windows\System32\WindowsPowerShell\v1.0\;C:\Windows\System32\OpenSSH\;C:\Program Files\Git\cmd;C:\Program Files\Java\jdk1.8.0_281;C:\Program Files\Java\jdk1.8.0_281\bin;C:\Program Files\Java\jre1.8.0_281;C:\Program Files\Java\jre1.8.0_281\bin;C:\gradle-6.8.3\bin;C:\Program Files\dotnet\;C:\Program Files\Microsoft SQL Server\130\Tools\Binn\;C:\Program Files\Microsoft SQL Server\Client SDK\ODBC\170\Tools\Binn\;C:\Program Files (x86)\Microsoft SQL Server\150\Tools\Binn\;C:\Program Files\Microsoft SQL Server\150\Tools\Binn\;C:\Program Files\Microsoft SQL Server\150\DTS\Binn\;C:\Program Files (x86)\Microsoft SQL Server\150\DTS\Binn\;C:\Program Files\Azure Data Studio\bin;C:\Program Files\Microsoft VS Code\bin;C:\Program Files\nodejs\;C:\Program Files (x86)\dotnet\;C:\Users\jddio\AppData\Local\Android\Sdk\tools;C:\Users\jddio\AppData\Local\Android\Sdk\platform-tools;C:\apache-maven-3.8.1\bin;C:\Program Files\Java\jdk-11.0.11\bin;C:\Program Files\Java\jdk-11.0.11;C:\Users\jddio\scoop\shims;C:\Users\jddio\AppData\Local\Microsoft\WindowsApps;;C:\Program Files\JetBrains\IntelliJ IDEA Community Edition 2020.3.3\bin;;C:\Users\jddio\.dotnet\tools;C:\Program Files\Azure Data Studio\bin;C:\Users\jddio\AppData\Roaming\npm;."/>
    <property name="java.vendor" value="Oracle Corporation"/>
    <property name="java.vm.info" value="mixed mode"/>
    <property name="java.vm.version" value="11.0.11+9-LTS-194"/>
    <property name="sun.io.unicode.encoding" value="UnicodeLittle"/>
    <property name="java.class.version" value="55.0"/>
  </properties>
  <testcase name="testAll[3][1]" classname="conduitApp.ConduitTest" time="6.205">
    <failure message="SignUp.feature:21 - status code was: 422, expected: 200, response time: 568, url: https://conduit.productionready.io/api/users, response: {&quot;errors&quot;:{&quot;email&quot;:[&quot;has already been taken&quot;],&quot;username&quot;:[&quot;has already been taken&quot;]}}" type="org.opentest4j.AssertionFailedError">org.opentest4j.AssertionFailedError: SignUp.feature:21 - status code was: 422, expected: 200, response time: 568, url: https://conduit.productionready.io/api/users, response: {"errors":{"email":["has already been taken"],"username":["has already been taken"]}}
</failure>
    <system-out><![CDATA[15:50:38.487 [main] INFO  com.intuit.karate.RunnerOptions - found system property 'karate.options': --tags @debug
15:50:41.706 [main] INFO  com.intuit.karate - karate.env system property was:  
15:50:41.718 [main] INFO  com.intuit.karate - >> lock acquired, begin callSingle: classpath:helpers/CreateToken.feature
15:50:43.621 [main] DEBUG com.intuit.karate - request:
1 > POST https://conduit.productionready.io/api/users/login
1 > Accept-Encoding: gzip,deflate
1 > Connection: Keep-Alive
1 > Content-Length: 57
1 > Content-Type: application/json; charset=UTF-8
1 > Host: conduit.productionready.io
1 > User-Agent: Apache-HttpClient/4.5.11 (Java/11.0.11)
{"user":{"email":"kar1@test.com","password":"Karate123"}}

15:50:45.134 [main] DEBUG com.intuit.karate - response time in milliseconds: 1508.76
1 < 200
1 < CF-Cache-Status: DYNAMIC
1 < CF-RAY: 6551a345b85956b3-LIM
1 < Cache-Control: max-age=0, private, must-revalidate
1 < Connection: keep-alive
1 < Content-Type: application/json; charset=utf-8
1 < Date: Tue, 25 May 2021 20:50:45 GMT
1 < ETag: W/"c9d18d8c06e9e33b8416f5b3d28dcd5f"
1 < Expect-CT: max-age=604800, report-uri="https://report-uri.cloudflare.com/cdn-cgi/beacon/expect-ct"
1 < NEL: {"report_to":"cf-nel","max_age":604800}
1 < Report-To: {"endpoints":[{"url":"https:\/\/a.nel.cloudflare.com\/report\/v2?s=07WvFr85C98zvyi4MZjO0hvWbdSnb7puWgG5ZsvEaohFVH8b73p%2BIEHNQZ4Ckf6NNmu0IrqGhwSOu0avv1iSE9XwJZNuf12dFJUPzbnFiZd9vCglkBBKfGbxbVN4C3ILLJuugZ2hzu8%3D"}],"group":"cf-nel","max_age":604800}
1 < Server: cloudflare
1 < Status: 200 OK
1 < Transfer-Encoding: chunked
1 < Vary: Origin
1 < X-Content-Type-Options: nosniff
1 < X-Frame-Options: SAMEORIGIN
1 < X-Powered-By: Phusion Passenger 4.0.60
1 < X-Request-Id: 86f1a7b8-697d-4e78-9785-aae4399752f9
1 < X-Runtime: 0.082450
1 < X-XSS-Protection: 1; mode=block
1 < alt-svc: h3-27=":443"; ma=86400, h3-28=":443"; ma=86400, h3-29=":443"; ma=86400
1 < cf-request-id: 0a46e45f96000056b36100c000000001
{"user":{"id":105277,"email":"kar1@test.com","createdAt":"2020-07-11T18:44:04.192Z","updatedAt":"2020-07-11T18:44:04.199Z","username":"Kar1","bio":null,"image":null,"token":"eyJ0eXAiOiJKV1QiLCJhbGciOiJIUzI1NiJ9.eyJpZCI6MTA1Mjc3LCJ1c2VybmFtZSI6IkthcjEiLCJleHAiOjE2MjcxNTk4NDV9.esKnQKep6yA_qsNIzPaGqTFXAJRl_F5I-jqsNbCEwnI"}}

15:50:45.214 [main] INFO  com.intuit.karate - << lock released, cached callSingle: classpath:helpers/CreateToken.feature
15:50:45.336 [main] DEBUG com.intuit.karate - request:
1 > POST https://conduit.productionready.io/api/users
1 > Accept-Encoding: gzip,deflate
1 > Authorization: Token eyJ0eXAiOiJKV1QiLCJhbGciOiJIUzI1NiJ9.eyJpZCI6MTA1Mjc3LCJ1c2VybmFtZSI6IkthcjEiLCJleHAiOjE2MjcxNTk4NDV9.esKnQKep6yA_qsNIzPaGqTFXAJRl_F5I-jqsNbCEwnI
1 > Connection: Keep-Alive
1 > Content-Length: 88
1 > Content-Type: application/json; charset=UTF-8
1 > Host: conduit.productionready.io
1 > User-Agent: Apache-HttpClient/4.5.11 (Java/11.0.11)
{"user":{"email":"karateUser2505@test.com","password":"12345670","username":"tester03"}}

15:50:45.906 [main] DEBUG com.intuit.karate - response time in milliseconds: 567.69
1 < 422
1 < CF-Cache-Status: DYNAMIC
1 < CF-RAY: 6551a34b2b8936e5-LIM
1 < Cache-Control: no-cache
1 < Connection: keep-alive
1 < Content-Type: application/json; charset=utf-8
1 < Date: Tue, 25 May 2021 20:50:46 GMT
1 < Expect-CT: max-age=604800, report-uri="https://report-uri.cloudflare.com/cdn-cgi/beacon/expect-ct"
1 < NEL: {"report_to":"cf-nel","max_age":604800}
1 < Report-To: {"endpoints":[{"url":"https:\/\/a.nel.cloudflare.com\/report\/v2?s=ZIN%2BxSbOYMCvygmPeA5oyaC2kreAoxi%2BqLbPDxH1PoKl03NQr3k%2FGQz3ZHb6wHMMx6KzWfsuBkIeCe7jNSErt1ZfGhC9SfXTg%2FOyZ16X7lCYnUgowlvsxVUnByDxnrUnV5tRHUR4lMI%3D"}],"group":"cf-nel","max_age":604800}
1 < Server: cloudflare
1 < Status: 422 Unprocessable Entity
1 < Transfer-Encoding: chunked
1 < Vary: Origin
1 < X-Content-Type-Options: nosniff
1 < X-Frame-Options: SAMEORIGIN
1 < X-Powered-By: Phusion Passenger 4.0.60
1 < X-Request-Id: 08f14af0-66fb-4974-83ce-e523359127e4
1 < X-Runtime: 0.087079
1 < X-XSS-Protection: 1; mode=block
1 < alt-svc: h3-27=":443"; ma=86400, h3-28=":443"; ma=86400, h3-29=":443"; ma=86400
1 < cf-request-id: 0a46e462f8000036e50a3a4000000001
{"errors":{"email":["has already been taken"],"username":["has already been taken"]}}

15:50:45.907 [main] ERROR com.intuit.karate - status code was: 422, expected: 200, response time: 568, url: https://conduit.productionready.io/api/users, response: {"errors":{"email":["has already been taken"],"username":["has already been taken"]}}
---------------------------------------------------------
feature: classpath:conduitApp/feature/SignUp.feature
scenarios:  1 | passed:  0 | failed:  1 | time: 0.6420
---------------------------------------------------------

HTML report: (paste into browser to view) | Karate version: 0.9.5
file:/E:/Cursos/Udemy/karate-dsl-api-automation-and-performance-from-zero-to-hero/karate-dsl-class/karate-dsl-class/target/surefire-reports/conduitApp.feature.SignUp.html
---------------------------------------------------------

]]></system-out>
    <system-err><![CDATA[Warning: Nashorn engine is planned to be removed from a future JDK release
]]></system-err>
  </testcase>
</testsuite>